<?xml version="1.0" encoding="UTF-8"?>
<coverage generated="1631104211146" clover="3.2.0">
  <project timestamp="1631104211147" name="All files">
    <metrics statements="213" coveredstatements="63" conditionals="75" coveredconditionals="9" methods="74" coveredmethods="7" elements="362" coveredelements="79" complexity="0" loc="213" ncloc="213" packages="8" files="19" classes="19"/>
    <package name="CoupaWeatherProject_swapnil">
      <metrics statements="5" coveredstatements="4" conditionals="0" coveredconditionals="0" methods="1" coveredmethods="0"/>
      <file name="App.js" path="/Users/swapnilchute/Documents/2021-Learning/CoupaWeatherProject_swapnil/App.js">
        <metrics statements="5" coveredstatements="4" conditionals="0" coveredconditionals="0" methods="1" coveredmethods="0"/>
        <line num="16" count="1" type="stmt"/>
        <line num="18" count="1" type="stmt"/>
        <line num="27" count="1" type="stmt"/>
        <line num="29" count="1" type="stmt"/>
        <line num="30" count="0" type="stmt"/>
      </file>
    </package>
    <package name="CoupaWeatherProject_swapnil.src.actions">
      <metrics statements="62" coveredstatements="12" conditionals="10" coveredconditionals="0" methods="23" coveredmethods="0"/>
      <file name="weatherActions.js" path="/Users/swapnilchute/Documents/2021-Learning/CoupaWeatherProject_swapnil/src/actions/weatherActions.js">
        <metrics statements="62" coveredstatements="12" conditionals="10" coveredconditionals="0" methods="23" coveredmethods="0"/>
        <line num="4" count="3" type="stmt"/>
        <line num="11" count="3" type="stmt"/>
        <line num="12" count="0" type="stmt"/>
        <line num="14" count="0" type="stmt"/>
        <line num="17" count="0" type="cond" truecount="0" falsecount="2"/>
        <line num="18" count="0" type="stmt"/>
        <line num="20" count="0" type="stmt"/>
        <line num="23" count="0" type="cond" truecount="0" falsecount="2"/>
        <line num="24" count="0" type="stmt"/>
        <line num="26" count="0" type="stmt"/>
        <line num="30" count="3" type="cond" truecount="0" falsecount="1"/>
        <line num="31" count="0" type="stmt"/>
        <line num="32" count="0" type="stmt"/>
        <line num="33" count="0" type="stmt"/>
        <line num="34" count="0" type="stmt"/>
        <line num="35" count="0" type="stmt"/>
        <line num="36" count="0" type="stmt"/>
        <line num="41" count="0" type="stmt"/>
        <line num="42" count="0" type="stmt"/>
        <line num="44" count="0" type="stmt"/>
        <line num="49" count="3" type="stmt"/>
        <line num="50" count="0" type="stmt"/>
        <line num="56" count="3" type="stmt"/>
        <line num="57" count="0" type="stmt"/>
        <line num="63" count="3" type="stmt"/>
        <line num="64" count="0" type="stmt"/>
        <line num="70" count="3" type="stmt"/>
        <line num="71" count="0" type="stmt"/>
        <line num="76" count="0" type="stmt"/>
        <line num="79" count="0" type="stmt"/>
        <line num="82" count="0" type="stmt"/>
        <line num="86" count="3" type="cond" truecount="0" falsecount="1"/>
        <line num="87" count="0" type="stmt"/>
        <line num="88" count="0" type="stmt"/>
        <line num="89" count="0" type="stmt"/>
        <line num="90" count="0" type="cond" truecount="0" falsecount="2"/>
        <line num="91" count="0" type="stmt"/>
        <line num="92" count="0" type="stmt"/>
        <line num="93" count="0" type="cond" truecount="0" falsecount="2"/>
        <line num="94" count="0" type="stmt"/>
        <line num="102" count="0" type="stmt"/>
        <line num="108" count="0" type="stmt"/>
        <line num="110" count="0" type="stmt"/>
        <line num="115" count="3" type="stmt"/>
        <line num="116" count="0" type="stmt"/>
        <line num="121" count="0" type="stmt"/>
        <line num="124" count="0" type="stmt"/>
        <line num="127" count="0" type="stmt"/>
        <line num="131" count="3" type="stmt"/>
        <line num="132" count="0" type="stmt"/>
        <line num="133" count="0" type="stmt"/>
        <line num="134" count="0" type="stmt"/>
        <line num="135" count="0" type="stmt"/>
        <line num="136" count="0" type="stmt"/>
        <line num="140" count="0" type="stmt"/>
        <line num="145" count="0" type="stmt"/>
        <line num="147" count="0" type="stmt"/>
        <line num="149" count="0" type="stmt"/>
        <line num="154" count="3" type="stmt"/>
        <line num="155" count="0" type="stmt"/>
        <line num="160" count="3" type="stmt"/>
        <line num="161" count="0" type="stmt"/>
      </file>
    </package>
    <package name="CoupaWeatherProject_swapnil.src.components.common">
      <metrics statements="51" coveredstatements="14" conditionals="17" coveredconditionals="1" methods="20" coveredmethods="1"/>
      <file name="CurrentLocation.js" path="/Users/swapnilchute/Documents/2021-Learning/CoupaWeatherProject_swapnil/src/components/common/CurrentLocation.js">
        <metrics statements="15" coveredstatements="2" conditionals="7" coveredconditionals="0" methods="7" coveredmethods="0"/>
        <line num="12" count="3" type="stmt"/>
        <line num="13" count="0" type="stmt"/>
        <line num="14" count="0" type="stmt"/>
        <line num="15" count="0" type="stmt"/>
        <line num="17" count="0" type="stmt"/>
        <line num="18" count="0" type="stmt"/>
        <line num="20" count="0" type="stmt"/>
        <line num="21" count="0" type="stmt"/>
        <line num="22" count="0" type="stmt"/>
        <line num="25" count="0" type="stmt"/>
        <line num="31" count="0" type="stmt"/>
        <line num="32" count="0" type="cond" truecount="0" falsecount="4"/>
        <line num="33" count="0" type="stmt"/>
        <line num="37" count="0" type="stmt"/>
        <line num="46" count="3" type="stmt"/>
      </file>
      <file name="Loader.js" path="/Users/swapnilchute/Documents/2021-Learning/CoupaWeatherProject_swapnil/src/components/common/Loader.js">
        <metrics statements="3" coveredstatements="2" conditionals="0" coveredconditionals="0" methods="1" coveredmethods="0"/>
        <line num="4" count="3" type="stmt"/>
        <line num="5" count="0" type="stmt"/>
        <line num="12" count="3" type="stmt"/>
      </file>
      <file name="LocationListItem.js" path="/Users/swapnilchute/Documents/2021-Learning/CoupaWeatherProject_swapnil/src/components/common/LocationListItem.js">
        <metrics statements="8" coveredstatements="1" conditionals="0" coveredconditionals="0" methods="3" coveredmethods="0"/>
        <line num="8" count="3" type="stmt"/>
        <line num="9" count="0" type="stmt"/>
        <line num="10" count="0" type="stmt"/>
        <line num="11" count="0" type="stmt"/>
        <line num="12" count="0" type="stmt"/>
        <line num="13" count="0" type="stmt"/>
        <line num="16" count="0" type="stmt"/>
        <line num="17" count="0" type="stmt"/>
      </file>
      <file name="Message.js" path="/Users/swapnilchute/Documents/2021-Learning/CoupaWeatherProject_swapnil/src/components/common/Message.js">
        <metrics statements="4" coveredstatements="4" conditionals="2" coveredconditionals="1" methods="1" coveredmethods="1"/>
        <line num="5" count="4" type="stmt"/>
        <line num="6" count="1" type="stmt"/>
        <line num="15" count="4" type="stmt"/>
        <line num="22" count="4" type="stmt"/>
      </file>
      <file name="Search.js" path="/Users/swapnilchute/Documents/2021-Learning/CoupaWeatherProject_swapnil/src/components/common/Search.js">
        <metrics statements="15" coveredstatements="1" conditionals="4" coveredconditionals="0" methods="6" coveredmethods="0"/>
        <line num="10" count="3" type="stmt"/>
        <line num="11" count="0" type="stmt"/>
        <line num="12" count="0" type="stmt"/>
        <line num="13" count="0" type="stmt"/>
        <line num="15" count="0" type="stmt"/>
        <line num="17" count="0" type="cond" truecount="0" falsecount="2"/>
        <line num="18" count="0" type="stmt"/>
        <line num="20" count="0" type="stmt"/>
        <line num="22" count="0" type="stmt"/>
        <line num="25" count="0" type="stmt"/>
        <line num="26" count="0" type="cond" truecount="0" falsecount="2"/>
        <line num="27" count="0" type="stmt"/>
        <line num="29" count="0" type="stmt"/>
        <line num="33" count="0" type="stmt"/>
        <line num="37" count="0" type="stmt"/>
      </file>
      <file name="SquareItem.js" path="/Users/swapnilchute/Documents/2021-Learning/CoupaWeatherProject_swapnil/src/components/common/SquareItem.js">
        <metrics statements="3" coveredstatements="2" conditionals="1" coveredconditionals="0" methods="1" coveredmethods="0"/>
        <line num="5" count="3" type="cond" truecount="0" falsecount="1"/>
        <line num="6" count="0" type="stmt"/>
        <line num="15" count="3" type="stmt"/>
      </file>
      <file name="weatherDetails.js" path="/Users/swapnilchute/Documents/2021-Learning/CoupaWeatherProject_swapnil/src/components/common/weatherDetails.js">
        <metrics statements="3" coveredstatements="2" conditionals="3" coveredconditionals="0" methods="1" coveredmethods="0"/>
        <line num="6" count="3" type="stmt"/>
        <line num="7" count="0" type="stmt"/>
        <line num="45" count="3" type="stmt"/>
      </file>
    </package>
    <package name="CoupaWeatherProject_swapnil.src.components.screens">
      <metrics statements="46" coveredstatements="6" conditionals="24" coveredconditionals="0" methods="22" coveredmethods="0"/>
      <file name="HistoricalWeather.js" path="/Users/swapnilchute/Documents/2021-Learning/CoupaWeatherProject_swapnil/src/components/screens/HistoricalWeather.js">
        <metrics statements="22" coveredstatements="2" conditionals="6" coveredconditionals="0" methods="7" coveredmethods="0"/>
        <line num="12" count="1" type="stmt"/>
        <line num="13" count="0" type="stmt"/>
        <line num="14" count="0" type="stmt"/>
        <line num="15" count="0" type="stmt"/>
        <line num="16" count="0" type="stmt"/>
        <line num="17" count="0" type="stmt"/>
        <line num="19" count="0" type="stmt"/>
        <line num="21" count="0" type="stmt"/>
        <line num="22" count="0" type="stmt"/>
        <line num="25" count="0" type="stmt"/>
        <line num="26" count="0" type="stmt"/>
        <line num="27" count="0" type="stmt"/>
        <line num="28" count="0" type="stmt"/>
        <line num="29" count="0" type="stmt"/>
        <line num="30" count="0" type="stmt"/>
        <line num="31" count="0" type="stmt"/>
        <line num="34" count="0" type="stmt"/>
        <line num="35" count="0" type="stmt"/>
        <line num="36" count="0" type="stmt"/>
        <line num="39" count="0" type="stmt"/>
        <line num="57" count="0" type="stmt"/>
        <line num="88" count="1" type="stmt"/>
      </file>
      <file name="LandingPage.js" path="/Users/swapnilchute/Documents/2021-Learning/CoupaWeatherProject_swapnil/src/components/screens/LandingPage.js">
        <metrics statements="14" coveredstatements="2" conditionals="12" coveredconditionals="0" methods="9" coveredmethods="0"/>
        <line num="23" count="3" type="stmt"/>
        <line num="24" count="0" type="stmt"/>
        <line num="25" count="0" type="stmt"/>
        <line num="26" count="0" type="stmt"/>
        <line num="28" count="0" type="stmt"/>
        <line num="29" count="0" type="stmt"/>
        <line num="30" count="0" type="stmt"/>
        <line num="31" count="0" type="stmt"/>
        <line num="35" count="0" type="stmt"/>
        <line num="36" count="0" type="stmt"/>
        <line num="39" count="0" type="stmt"/>
        <line num="52" count="0" type="stmt"/>
        <line num="54" count="0" type="stmt"/>
        <line num="84" count="3" type="stmt"/>
      </file>
      <file name="WeatherCurrentDetails.js" path="/Users/swapnilchute/Documents/2021-Learning/CoupaWeatherProject_swapnil/src/components/screens/WeatherCurrentDetails.js">
        <metrics statements="10" coveredstatements="2" conditionals="6" coveredconditionals="0" methods="6" coveredmethods="0"/>
        <line num="10" count="1" type="stmt"/>
        <line num="11" count="0" type="stmt"/>
        <line num="12" count="0" type="stmt"/>
        <line num="13" count="0" type="stmt"/>
        <line num="15" count="0" type="stmt"/>
        <line num="16" count="0" type="stmt"/>
        <line num="17" count="0" type="stmt"/>
        <line num="20" count="0" type="stmt"/>
        <line num="30" count="0" type="stmt"/>
        <line num="40" count="1" type="stmt"/>
      </file>
    </package>
    <package name="CoupaWeatherProject_swapnil.src.constants">
      <metrics statements="2" coveredstatements="2" conditionals="0" coveredconditionals="0" methods="0" coveredmethods="0"/>
      <file name="Colors.js" path="/Users/swapnilchute/Documents/2021-Learning/CoupaWeatherProject_swapnil/src/constants/Colors.js">
        <metrics statements="1" coveredstatements="1" conditionals="0" coveredconditionals="0" methods="0" coveredmethods="0"/>
        <line num="1" count="4" type="stmt"/>
      </file>
      <file name="weatherConstants.js" path="/Users/swapnilchute/Documents/2021-Learning/CoupaWeatherProject_swapnil/src/constants/weatherConstants.js">
        <metrics statements="1" coveredstatements="1" conditionals="0" coveredconditionals="0" methods="0" coveredmethods="0"/>
        <line num="1" count="3" type="stmt"/>
      </file>
    </package>
    <package name="CoupaWeatherProject_swapnil.src.reducers">
      <metrics statements="19" coveredstatements="4" conditionals="11" coveredconditionals="2" methods="1" coveredmethods="1"/>
      <file name="weatherReducer.js" path="/Users/swapnilchute/Documents/2021-Learning/CoupaWeatherProject_swapnil/src/reducers/weatherReducer.js">
        <metrics statements="19" coveredstatements="4" conditionals="11" coveredconditionals="2" methods="1" coveredmethods="1"/>
        <line num="3" count="1" type="stmt"/>
        <line num="14" count="1" type="cond" truecount="1" falsecount="0"/>
        <line num="15" count="3" type="cond" truecount="1" falsecount="9"/>
        <line num="17" count="0" type="stmt"/>
        <line num="18" count="0" type="stmt"/>
        <line num="20" count="0" type="stmt"/>
        <line num="22" count="0" type="stmt"/>
        <line num="23" count="0" type="stmt"/>
        <line num="25" count="0" type="stmt"/>
        <line num="26" count="0" type="stmt"/>
        <line num="28" count="0" type="stmt"/>
        <line num="29" count="0" type="stmt"/>
        <line num="35" count="0" type="stmt"/>
        <line num="36" count="0" type="stmt"/>
        <line num="38" count="0" type="stmt"/>
        <line num="39" count="0" type="stmt"/>
        <line num="41" count="0" type="stmt"/>
        <line num="44" count="0" type="stmt"/>
        <line num="47" count="3" type="stmt"/>
      </file>
    </package>
    <package name="CoupaWeatherProject_swapnil.src.shared">
      <metrics statements="24" coveredstatements="17" conditionals="11" coveredconditionals="4" methods="6" coveredmethods="4"/>
      <file name="config.js" path="/Users/swapnilchute/Documents/2021-Learning/CoupaWeatherProject_swapnil/src/shared/config.js">
        <metrics statements="2" coveredstatements="2" conditionals="0" coveredconditionals="0" methods="0" coveredmethods="0"/>
        <line num="1" count="3" type="stmt"/>
        <line num="2" count="3" type="stmt"/>
      </file>
      <file name="errors.js" path="/Users/swapnilchute/Documents/2021-Learning/CoupaWeatherProject_swapnil/src/shared/errors.js">
        <metrics statements="5" coveredstatements="1" conditionals="3" coveredconditionals="0" methods="1" coveredmethods="0"/>
        <line num="1" count="3" type="stmt"/>
        <line num="2" count="0" type="cond" truecount="0" falsecount="3"/>
        <line num="4" count="0" type="stmt"/>
        <line num="7" count="0" type="stmt"/>
        <line num="10" count="0" type="stmt"/>
      </file>
      <file name="helper.js" path="/Users/swapnilchute/Documents/2021-Learning/CoupaWeatherProject_swapnil/src/shared/helper.js">
        <metrics statements="17" coveredstatements="14" conditionals="8" coveredconditionals="4" methods="5" coveredmethods="4"/>
        <line num="4" count="4" type="stmt"/>
        <line num="5" count="2" type="stmt"/>
        <line num="6" count="2" type="stmt"/>
        <line num="14" count="0" type="cond" truecount="0" falsecount="2"/>
        <line num="15" count="0" type="stmt"/>
        <line num="17" count="0" type="stmt"/>
        <line num="21" count="2" type="stmt"/>
        <line num="25" count="4" type="cond" truecount="1" falsecount="0"/>
        <line num="26" count="2" type="stmt"/>
        <line num="29" count="4" type="stmt"/>
        <line num="30" count="8" type="cond" truecount="2" falsecount="0"/>
        <line num="31" count="6" type="stmt"/>
        <line num="33" count="2" type="stmt"/>
        <line num="36" count="4" type="cond" truecount="1" falsecount="0"/>
        <line num="37" count="4" type="stmt"/>
        <line num="38" count="4" type="stmt"/>
        <line num="39" count="4" type="stmt"/>
      </file>
    </package>
    <package name="CoupaWeatherProject_swapnil.src.store">
      <metrics statements="4" coveredstatements="4" conditionals="2" coveredconditionals="2" methods="1" coveredmethods="1"/>
      <file name="configureStore.js" path="/Users/swapnilchute/Documents/2021-Learning/CoupaWeatherProject_swapnil/src/store/configureStore.js">
        <metrics statements="4" coveredstatements="4" conditionals="2" coveredconditionals="2" methods="1" coveredmethods="1"/>
        <line num="5" count="1" type="stmt"/>
        <line num="7" count="1" type="cond" truecount="2" falsecount="0"/>
        <line num="9" count="1" type="stmt"/>
        <line num="10" count="1" type="stmt"/>
      </file>
    </package>
  </project>
</coverage>
