{"/Users/swapnilchute/Documents/2021-Learning/CoupaWeatherProject_swapnil/App.js": {"path":"/Users/swapnilchute/Documents/2021-Learning/CoupaWeatherProject_swapnil/App.js","statementMap":{"0":{"start":{"line":16,"column":14},"end":{"line":16,"column":36}},"1":{"start":{"line":18,"column":20},"end":{"line":25,"column":1}},"2":{"start":{"line":27,"column":14},"end":{"line":27,"column":30}},"3":{"start":{"line":29,"column":12},"end":{"line":53,"column":1}},"4":{"start":{"line":30,"column":2},"end":{"line":52,"column":4}}},"fnMap":{"0":{"name":"(anonymous_0)","decl":{"start":{"line":29,"column":12},"end":{"line":29,"column":13}},"loc":{"start":{"line":29,"column":18},"end":{"line":53,"column":1}},"line":29}},"branchMap":{},"s":{"0":1,"1":1,"2":1,"3":1,"4":0},"f":{"0":0},"b":{},"_coverageSchema":"1a1c01bbd47fc00a2c39e90264f33305004495a9","hash":"4dd602d4f40530da10fdffc13c4753e9e2a57803"}
,"/Users/swapnilchute/Documents/2021-Learning/CoupaWeatherProject_swapnil/src/actions/weatherActions.js": {"path":"/Users/swapnilchute/Documents/2021-Learning/CoupaWeatherProject_swapnil/src/actions/weatherActions.js","statementMap":{"0":{"start":{"line":4,"column":16},"end":{"line":9,"column":1}},"1":{"start":{"line":11,"column":23},"end":{"line":28,"column":1}},"2":{"start":{"line":12,"column":2},"end":{"line":27,"column":7}},"3":{"start":{"line":14,"column":6},"end":{"line":14,"column":29}},"4":{"start":{"line":17,"column":6},"end":{"line":19,"column":7}},"5":{"start":{"line":18,"column":8},"end":{"line":18,"column":29}},"6":{"start":{"line":20,"column":6},"end":{"line":20,"column":30}},"7":{"start":{"line":23,"column":6},"end":{"line":25,"column":7}},"8":{"start":{"line":24,"column":8},"end":{"line":24,"column":24}},"9":{"start":{"line":26,"column":6},"end":{"line":26,"column":16}},"10":{"start":{"line":30,"column":38},"end":{"line":47,"column":1}},"11":{"start":{"line":31,"column":2},"end":{"line":46,"column":4}},"12":{"start":{"line":32,"column":4},"end":{"line":32,"column":63}},"13":{"start":{"line":33,"column":4},"end":{"line":33,"column":39}},"14":{"start":{"line":34,"column":4},"end":{"line":45,"column":5}},"15":{"start":{"line":35,"column":24},"end":{"line":35,"column":51}},"16":{"start":{"line":36,"column":6},"end":{"line":39,"column":9}},"17":{"start":{"line":41,"column":6},"end":{"line":41,"column":52}},"18":{"start":{"line":42,"column":6},"end":{"line":42,"column":25}},"19":{"start":{"line":44,"column":6},"end":{"line":44,"column":42}},"20":{"start":{"line":49,"column":44},"end":{"line":54,"column":1}},"21":{"start":{"line":50,"column":2},"end":{"line":53,"column":4}},"22":{"start":{"line":56,"column":42},"end":{"line":61,"column":1}},"23":{"start":{"line":57,"column":2},"end":{"line":60,"column":4}},"24":{"start":{"line":63,"column":39},"end":{"line":68,"column":1}},"25":{"start":{"line":64,"column":2},"end":{"line":67,"column":4}},"26":{"start":{"line":70,"column":28},"end":{"line":84,"column":1}},"27":{"start":{"line":71,"column":2},"end":{"line":83,"column":7}},"28":{"start":{"line":76,"column":6},"end":{"line":76,"column":29}},"29":{"start":{"line":79,"column":6},"end":{"line":79,"column":22}},"30":{"start":{"line":82,"column":6},"end":{"line":82,"column":25}},"31":{"start":{"line":86,"column":43},"end":{"line":113,"column":1}},"32":{"start":{"line":87,"column":2},"end":{"line":112,"column":4}},"33":{"start":{"line":88,"column":4},"end":{"line":88,"column":39}},"34":{"start":{"line":89,"column":18},"end":{"line":89,"column":36}},"35":{"start":{"line":90,"column":26},"end":{"line":90,"column":75}},"36":{"start":{"line":91,"column":4},"end":{"line":111,"column":5}},"37":{"start":{"line":92,"column":34},"end":{"line":92,"column":76}},"38":{"start":{"line":93,"column":6},"end":{"line":106,"column":7}},"39":{"start":{"line":94,"column":8},"end":{"line":100,"column":11}},"40":{"start":{"line":102,"column":8},"end":{"line":105,"column":11}},"41":{"start":{"line":108,"column":6},"end":{"line":108,"column":25}},"42":{"start":{"line":110,"column":6},"end":{"line":110,"column":42}},"43":{"start":{"line":115,"column":31},"end":{"line":129,"column":1}},"44":{"start":{"line":116,"column":2},"end":{"line":128,"column":7}},"45":{"start":{"line":121,"column":6},"end":{"line":121,"column":29}},"46":{"start":{"line":124,"column":6},"end":{"line":124,"column":22}},"47":{"start":{"line":127,"column":6},"end":{"line":127,"column":25}},"48":{"start":{"line":131,"column":46},"end":{"line":152,"column":1}},"49":{"start":{"line":132,"column":2},"end":{"line":151,"column":4}},"50":{"start":{"line":133,"column":30},"end":{"line":133,"column":48}},"51":{"start":{"line":134,"column":4},"end":{"line":134,"column":39}},"52":{"start":{"line":135,"column":4},"end":{"line":150,"column":5}},"53":{"start":{"line":136,"column":32},"end":{"line":139,"column":7}},"54":{"start":{"line":140,"column":6},"end":{"line":144,"column":9}},"55":{"start":{"line":145,"column":6},"end":{"line":145,"column":53}},"56":{"start":{"line":147,"column":6},"end":{"line":147,"column":25}},"57":{"start":{"line":149,"column":6},"end":{"line":149,"column":42}},"58":{"start":{"line":154,"column":38},"end":{"line":158,"column":1}},"59":{"start":{"line":155,"column":2},"end":{"line":157,"column":4}},"60":{"start":{"line":160,"column":34},"end":{"line":165,"column":1}},"61":{"start":{"line":161,"column":2},"end":{"line":164,"column":4}}},"fnMap":{"0":{"name":"(anonymous_0)","decl":{"start":{"line":11,"column":23},"end":{"line":11,"column":24}},"loc":{"start":{"line":11,"column":38},"end":{"line":28,"column":1}},"line":11},"1":{"name":"(anonymous_1)","decl":{"start":{"line":13,"column":10},"end":{"line":13,"column":11}},"loc":{"start":{"line":13,"column":22},"end":{"line":15,"column":5}},"line":13},"2":{"name":"(anonymous_2)","decl":{"start":{"line":16,"column":10},"end":{"line":16,"column":11}},"loc":{"start":{"line":16,"column":22},"end":{"line":21,"column":5}},"line":16},"3":{"name":"(anonymous_3)","decl":{"start":{"line":22,"column":11},"end":{"line":22,"column":12}},"loc":{"start":{"line":22,"column":18},"end":{"line":27,"column":5}},"line":22},"4":{"name":"(anonymous_4)","decl":{"start":{"line":30,"column":38},"end":{"line":30,"column":39}},"loc":{"start":{"line":30,"column":60},"end":{"line":47,"column":1}},"line":30},"5":{"name":"(anonymous_5)","decl":{"start":{"line":31,"column":9},"end":{"line":31,"column":10}},"loc":{"start":{"line":31,"column":27},"end":{"line":46,"column":3}},"line":31},"6":{"name":"(anonymous_6)","decl":{"start":{"line":49,"column":44},"end":{"line":49,"column":45}},"loc":{"start":{"line":49,"column":53},"end":{"line":54,"column":1}},"line":49},"7":{"name":"(anonymous_7)","decl":{"start":{"line":56,"column":42},"end":{"line":56,"column":43}},"loc":{"start":{"line":56,"column":61},"end":{"line":61,"column":1}},"line":56},"8":{"name":"(anonymous_8)","decl":{"start":{"line":63,"column":39},"end":{"line":63,"column":40}},"loc":{"start":{"line":63,"column":55},"end":{"line":68,"column":1}},"line":63},"9":{"name":"(anonymous_9)","decl":{"start":{"line":70,"column":28},"end":{"line":70,"column":29}},"loc":{"start":{"line":70,"column":53},"end":{"line":84,"column":1}},"line":70},"10":{"name":"(anonymous_10)","decl":{"start":{"line":75,"column":10},"end":{"line":75,"column":11}},"loc":{"start":{"line":75,"column":22},"end":{"line":77,"column":5}},"line":75},"11":{"name":"(anonymous_11)","decl":{"start":{"line":78,"column":10},"end":{"line":78,"column":11}},"loc":{"start":{"line":78,"column":22},"end":{"line":80,"column":5}},"line":78},"12":{"name":"(anonymous_12)","decl":{"start":{"line":81,"column":11},"end":{"line":81,"column":12}},"loc":{"start":{"line":81,"column":20},"end":{"line":83,"column":5}},"line":81},"13":{"name":"(anonymous_13)","decl":{"start":{"line":86,"column":43},"end":{"line":86,"column":44}},"loc":{"start":{"line":86,"column":61},"end":{"line":113,"column":1}},"line":86},"14":{"name":"(anonymous_14)","decl":{"start":{"line":87,"column":9},"end":{"line":87,"column":10}},"loc":{"start":{"line":87,"column":39},"end":{"line":112,"column":3}},"line":87},"15":{"name":"(anonymous_15)","decl":{"start":{"line":115,"column":31},"end":{"line":115,"column":32}},"loc":{"start":{"line":115,"column":64},"end":{"line":129,"column":1}},"line":115},"16":{"name":"(anonymous_16)","decl":{"start":{"line":120,"column":10},"end":{"line":120,"column":11}},"loc":{"start":{"line":120,"column":22},"end":{"line":122,"column":5}},"line":120},"17":{"name":"(anonymous_17)","decl":{"start":{"line":123,"column":10},"end":{"line":123,"column":11}},"loc":{"start":{"line":123,"column":22},"end":{"line":125,"column":5}},"line":123},"18":{"name":"(anonymous_18)","decl":{"start":{"line":126,"column":11},"end":{"line":126,"column":12}},"loc":{"start":{"line":126,"column":20},"end":{"line":128,"column":5}},"line":126},"19":{"name":"(anonymous_19)","decl":{"start":{"line":131,"column":46},"end":{"line":131,"column":47}},"loc":{"start":{"line":131,"column":54},"end":{"line":152,"column":1}},"line":131},"20":{"name":"(anonymous_20)","decl":{"start":{"line":132,"column":9},"end":{"line":132,"column":10}},"loc":{"start":{"line":132,"column":39},"end":{"line":151,"column":3}},"line":132},"21":{"name":"(anonymous_21)","decl":{"start":{"line":154,"column":38},"end":{"line":154,"column":39}},"loc":{"start":{"line":154,"column":44},"end":{"line":158,"column":1}},"line":154},"22":{"name":"(anonymous_22)","decl":{"start":{"line":160,"column":34},"end":{"line":160,"column":35}},"loc":{"start":{"line":160,"column":47},"end":{"line":165,"column":1}},"line":160}},"branchMap":{"0":{"loc":{"start":{"line":17,"column":6},"end":{"line":19,"column":7}},"type":"if","locations":[{"start":{"line":17,"column":6},"end":{"line":19,"column":7}},{"start":{"line":17,"column":6},"end":{"line":19,"column":7}}],"line":17},"1":{"loc":{"start":{"line":23,"column":6},"end":{"line":25,"column":7}},"type":"if","locations":[{"start":{"line":23,"column":6},"end":{"line":25,"column":7}},{"start":{"line":23,"column":6},"end":{"line":25,"column":7}}],"line":23},"2":{"loc":{"start":{"line":30,"column":39},"end":{"line":30,"column":55}},"type":"default-arg","locations":[{"start":{"line":30,"column":47},"end":{"line":30,"column":55}}],"line":30},"3":{"loc":{"start":{"line":86,"column":44},"end":{"line":86,"column":56}},"type":"default-arg","locations":[{"start":{"line":86,"column":51},"end":{"line":86,"column":56}}],"line":86},"4":{"loc":{"start":{"line":90,"column":26},"end":{"line":90,"column":75}},"type":"cond-expr","locations":[{"start":{"line":90,"column":33},"end":{"line":90,"column":51}},{"start":{"line":90,"column":54},"end":{"line":90,"column":75}}],"line":90},"5":{"loc":{"start":{"line":93,"column":6},"end":{"line":106,"column":7}},"type":"if","locations":[{"start":{"line":93,"column":6},"end":{"line":106,"column":7}},{"start":{"line":93,"column":6},"end":{"line":106,"column":7}}],"line":93}},"s":{"0":3,"1":3,"2":0,"3":0,"4":0,"5":0,"6":0,"7":0,"8":0,"9":0,"10":3,"11":0,"12":0,"13":0,"14":0,"15":0,"16":0,"17":0,"18":0,"19":0,"20":3,"21":0,"22":3,"23":0,"24":3,"25":0,"26":3,"27":0,"28":0,"29":0,"30":0,"31":3,"32":0,"33":0,"34":0,"35":0,"36":0,"37":0,"38":0,"39":0,"40":0,"41":0,"42":0,"43":3,"44":0,"45":0,"46":0,"47":0,"48":3,"49":0,"50":0,"51":0,"52":0,"53":0,"54":0,"55":0,"56":0,"57":0,"58":3,"59":0,"60":3,"61":0},"f":{"0":0,"1":0,"2":0,"3":0,"4":0,"5":0,"6":0,"7":0,"8":0,"9":0,"10":0,"11":0,"12":0,"13":0,"14":0,"15":0,"16":0,"17":0,"18":0,"19":0,"20":0,"21":0,"22":0},"b":{"0":[0,0],"1":[0,0],"2":[0],"3":[0],"4":[0,0],"5":[0,0]},"_coverageSchema":"1a1c01bbd47fc00a2c39e90264f33305004495a9","hash":"0491cc5f2a2a81e3f6db053373527bef15e8be9c"}
,"/Users/swapnilchute/Documents/2021-Learning/CoupaWeatherProject_swapnil/src/components/common/CurrentLocation.js": {"path":"/Users/swapnilchute/Documents/2021-Learning/CoupaWeatherProject_swapnil/src/components/common/CurrentLocation.js","statementMap":{"0":{"start":{"line":12,"column":31},"end":{"line":44,"column":1}},"1":{"start":{"line":13,"column":19},"end":{"line":13,"column":32}},"2":{"start":{"line":14,"column":23},"end":{"line":14,"column":71}},"3":{"start":{"line":14,"column":44},"end":{"line":14,"column":70}},"4":{"start":{"line":15,"column":22},"end":{"line":15,"column":69}},"5":{"start":{"line":15,"column":43},"end":{"line":15,"column":68}},"6":{"start":{"line":17,"column":29},"end":{"line":29,"column":3}},"7":{"start":{"line":18,"column":4},"end":{"line":28,"column":6}},"8":{"start":{"line":20,"column":38},"end":{"line":20,"column":53}},"9":{"start":{"line":21,"column":8},"end":{"line":21,"column":75}},"10":{"start":{"line":22,"column":8},"end":{"line":22,"column":52}},"11":{"start":{"line":25,"column":8},"end":{"line":25,"column":27}},"12":{"start":{"line":31,"column":2},"end":{"line":35,"column":9}},"13":{"start":{"line":32,"column":4},"end":{"line":34,"column":5}},"14":{"start":{"line":33,"column":6},"end":{"line":33,"column":27}},"15":{"start":{"line":37,"column":2},"end":{"line":43,"column":4}},"16":{"start":{"line":46,"column":15},"end":{"line":56,"column":2}}},"fnMap":{"0":{"name":"(anonymous_0)","decl":{"start":{"line":12,"column":31},"end":{"line":12,"column":32}},"loc":{"start":{"line":12,"column":37},"end":{"line":44,"column":1}},"line":12},"1":{"name":"(anonymous_1)","decl":{"start":{"line":14,"column":35},"end":{"line":14,"column":36}},"loc":{"start":{"line":14,"column":44},"end":{"line":14,"column":70}},"line":14},"2":{"name":"(anonymous_2)","decl":{"start":{"line":15,"column":34},"end":{"line":15,"column":35}},"loc":{"start":{"line":15,"column":43},"end":{"line":15,"column":68}},"line":15},"3":{"name":"(anonymous_3)","decl":{"start":{"line":17,"column":29},"end":{"line":17,"column":30}},"loc":{"start":{"line":17,"column":35},"end":{"line":29,"column":3}},"line":17},"4":{"name":"(anonymous_4)","decl":{"start":{"line":19,"column":6},"end":{"line":19,"column":7}},"loc":{"start":{"line":19,"column":18},"end":{"line":23,"column":7}},"line":19},"5":{"name":"(anonymous_5)","decl":{"start":{"line":24,"column":6},"end":{"line":24,"column":7}},"loc":{"start":{"line":24,"column":12},"end":{"line":26,"column":7}},"line":24},"6":{"name":"(anonymous_6)","decl":{"start":{"line":31,"column":12},"end":{"line":31,"column":13}},"loc":{"start":{"line":31,"column":18},"end":{"line":35,"column":3}},"line":31}},"branchMap":{"0":{"loc":{"start":{"line":32,"column":4},"end":{"line":34,"column":5}},"type":"if","locations":[{"start":{"line":32,"column":4},"end":{"line":34,"column":5}},{"start":{"line":32,"column":4},"end":{"line":34,"column":5}}],"line":32},"1":{"loc":{"start":{"line":32,"column":8},"end":{"line":32,"column":65}},"type":"binary-expr","locations":[{"start":{"line":32,"column":8},"end":{"line":32,"column":35}},{"start":{"line":32,"column":39},"end":{"line":32,"column":65}}],"line":32},"2":{"loc":{"start":{"line":39,"column":7},"end":{"line":41,"column":7}},"type":"binary-expr","locations":[{"start":{"line":39,"column":7},"end":{"line":39,"column":35}},{"start":{"line":39,"column":39},"end":{"line":39,"column":66}},{"start":{"line":40,"column":8},"end":{"line":40,"column":72}}],"line":39}},"s":{"0":3,"1":0,"2":0,"3":0,"4":0,"5":0,"6":0,"7":0,"8":0,"9":0,"10":0,"11":0,"12":0,"13":0,"14":0,"15":0,"16":3},"f":{"0":0,"1":0,"2":0,"3":0,"4":0,"5":0,"6":0},"b":{"0":[0,0],"1":[0,0],"2":[0,0,0]},"_coverageSchema":"1a1c01bbd47fc00a2c39e90264f33305004495a9","hash":"0bce830eaa867d4e3b5990ef3d4c20f7f2fc086a"}
,"/Users/swapnilchute/Documents/2021-Learning/CoupaWeatherProject_swapnil/src/components/common/Loader.js": {"path":"/Users/swapnilchute/Documents/2021-Learning/CoupaWeatherProject_swapnil/src/components/common/Loader.js","statementMap":{"0":{"start":{"line":4,"column":22},"end":{"line":10,"column":1}},"1":{"start":{"line":5,"column":2},"end":{"line":9,"column":4}},"2":{"start":{"line":12,"column":15},"end":{"line":24,"column":2}}},"fnMap":{"0":{"name":"(anonymous_0)","decl":{"start":{"line":4,"column":22},"end":{"line":4,"column":23}},"loc":{"start":{"line":4,"column":28},"end":{"line":10,"column":1}},"line":4}},"branchMap":{},"s":{"0":3,"1":0,"2":3},"f":{"0":0},"b":{},"_coverageSchema":"1a1c01bbd47fc00a2c39e90264f33305004495a9","hash":"bf852f8c103899a034b085f3a3b4e16db3a659ce"}
,"/Users/swapnilchute/Documents/2021-Learning/CoupaWeatherProject_swapnil/src/components/common/LocationListItem.js": {"path":"/Users/swapnilchute/Documents/2021-Learning/CoupaWeatherProject_swapnil/src/components/common/LocationListItem.js","statementMap":{"0":{"start":{"line":8,"column":32},"end":{"line":28,"column":1}},"1":{"start":{"line":9,"column":19},"end":{"line":9,"column":32}},"2":{"start":{"line":10,"column":21},"end":{"line":10,"column":36}},"3":{"start":{"line":11,"column":28},"end":{"line":14,"column":3}},"4":{"start":{"line":12,"column":4},"end":{"line":12,"column":53}},"5":{"start":{"line":13,"column":4},"end":{"line":13,"column":35}},"6":{"start":{"line":16,"column":2},"end":{"line":27,"column":4}},"7":{"start":{"line":17,"column":30},"end":{"line":17,"column":57}}},"fnMap":{"0":{"name":"(anonymous_0)","decl":{"start":{"line":8,"column":32},"end":{"line":8,"column":33}},"loc":{"start":{"line":8,"column":48},"end":{"line":28,"column":1}},"line":8},"1":{"name":"(anonymous_1)","decl":{"start":{"line":11,"column":28},"end":{"line":11,"column":29}},"loc":{"start":{"line":11,"column":42},"end":{"line":14,"column":3}},"line":11},"2":{"name":"(anonymous_2)","decl":{"start":{"line":17,"column":24},"end":{"line":17,"column":25}},"loc":{"start":{"line":17,"column":30},"end":{"line":17,"column":57}},"line":17}},"branchMap":{},"s":{"0":3,"1":0,"2":0,"3":0,"4":0,"5":0,"6":0,"7":0},"f":{"0":0,"1":0,"2":0},"b":{},"_coverageSchema":"1a1c01bbd47fc00a2c39e90264f33305004495a9","hash":"9f3fab81f28c2206687a1b0c77ab3a6c24307d7b"}
,"/Users/swapnilchute/Documents/2021-Learning/CoupaWeatherProject_swapnil/src/components/common/Message.js": {"path":"/Users/swapnilchute/Documents/2021-Learning/CoupaWeatherProject_swapnil/src/components/common/Message.js","statementMap":{"0":{"start":{"line":5,"column":16},"end":{"line":13,"column":1}},"1":{"start":{"line":6,"column":2},"end":{"line":12,"column":4}},"2":{"start":{"line":15,"column":21},"end":{"line":20,"column":1}},"3":{"start":{"line":22,"column":15},"end":{"line":36,"column":2}}},"fnMap":{"0":{"name":"(anonymous_0)","decl":{"start":{"line":5,"column":16},"end":{"line":5,"column":17}},"loc":{"start":{"line":5,"column":47},"end":{"line":13,"column":1}},"line":5}},"branchMap":{"0":{"loc":{"start":{"line":8,"column":20},"end":{"line":8,"column":66}},"type":"cond-expr","locations":[{"start":{"line":8,"column":30},"end":{"line":8,"column":49}},{"start":{"line":8,"column":52},"end":{"line":8,"column":66}}],"line":8}},"s":{"0":4,"1":1,"2":4,"3":4},"f":{"0":1},"b":{"0":[0,1]},"_coverageSchema":"1a1c01bbd47fc00a2c39e90264f33305004495a9","hash":"04ef03a49c3b20dda8dc60337f9978ad6234422f"}
,"/Users/swapnilchute/Documents/2021-Learning/CoupaWeatherProject_swapnil/src/components/common/Search.js": {"path":"/Users/swapnilchute/Documents/2021-Learning/CoupaWeatherProject_swapnil/src/components/common/Search.js","statementMap":{"0":{"start":{"line":10,"column":22},"end":{"line":43,"column":1}},"1":{"start":{"line":11,"column":19},"end":{"line":11,"column":32}},"2":{"start":{"line":12,"column":38},"end":{"line":12,"column":50}},"3":{"start":{"line":13,"column":44},"end":{"line":13,"column":56}},"4":{"start":{"line":15,"column":2},"end":{"line":23,"column":19}},"5":{"start":{"line":17,"column":4},"end":{"line":19,"column":5}},"6":{"start":{"line":18,"column":6},"end":{"line":18,"column":26}},"7":{"start":{"line":20,"column":4},"end":{"line":20,"column":65}},"8":{"start":{"line":20,"column":29},"end":{"line":20,"column":57}},"9":{"start":{"line":22,"column":4},"end":{"line":22,"column":37}},"10":{"start":{"line":22,"column":17},"end":{"line":22,"column":36}},"11":{"start":{"line":25,"column":2},"end":{"line":31,"column":32}},"12":{"start":{"line":26,"column":4},"end":{"line":30,"column":5}},"13":{"start":{"line":27,"column":6},"end":{"line":27,"column":54}},"14":{"start":{"line":29,"column":6},"end":{"line":29,"column":41}},"15":{"start":{"line":33,"column":2},"end":{"line":42,"column":4}},"16":{"start":{"line":37,"column":8},"end":{"line":37,"column":28}}},"fnMap":{"0":{"name":"(anonymous_0)","decl":{"start":{"line":10,"column":22},"end":{"line":10,"column":23}},"loc":{"start":{"line":10,"column":28},"end":{"line":43,"column":1}},"line":10},"1":{"name":"(anonymous_1)","decl":{"start":{"line":15,"column":12},"end":{"line":15,"column":13}},"loc":{"start":{"line":15,"column":18},"end":{"line":23,"column":3}},"line":15},"2":{"name":"(anonymous_2)","decl":{"start":{"line":20,"column":23},"end":{"line":20,"column":24}},"loc":{"start":{"line":20,"column":29},"end":{"line":20,"column":57}},"line":20},"3":{"name":"(anonymous_3)","decl":{"start":{"line":22,"column":11},"end":{"line":22,"column":12}},"loc":{"start":{"line":22,"column":17},"end":{"line":22,"column":36}},"line":22},"4":{"name":"(anonymous_4)","decl":{"start":{"line":25,"column":12},"end":{"line":25,"column":13}},"loc":{"start":{"line":25,"column":18},"end":{"line":31,"column":3}},"line":25},"5":{"name":"(anonymous_5)","decl":{"start":{"line":36,"column":20},"end":{"line":36,"column":21}},"loc":{"start":{"line":36,"column":28},"end":{"line":38,"column":7}},"line":36}},"branchMap":{"0":{"loc":{"start":{"line":17,"column":4},"end":{"line":19,"column":5}},"type":"if","locations":[{"start":{"line":17,"column":4},"end":{"line":19,"column":5}},{"start":{"line":17,"column":4},"end":{"line":19,"column":5}}],"line":17},"1":{"loc":{"start":{"line":26,"column":4},"end":{"line":30,"column":5}},"type":"if","locations":[{"start":{"line":26,"column":4},"end":{"line":30,"column":5}},{"start":{"line":26,"column":4},"end":{"line":30,"column":5}}],"line":26}},"s":{"0":3,"1":0,"2":0,"3":0,"4":0,"5":0,"6":0,"7":0,"8":0,"9":0,"10":0,"11":0,"12":0,"13":0,"14":0,"15":0,"16":0},"f":{"0":0,"1":0,"2":0,"3":0,"4":0,"5":0},"b":{"0":[0,0],"1":[0,0]},"_coverageSchema":"1a1c01bbd47fc00a2c39e90264f33305004495a9","hash":"7206ef4a6fc1f5e77753b27e93a03c6cfae2300c"}
,"/Users/swapnilchute/Documents/2021-Learning/CoupaWeatherProject_swapnil/src/components/common/SquareItem.js": {"path":"/Users/swapnilchute/Documents/2021-Learning/CoupaWeatherProject_swapnil/src/components/common/SquareItem.js","statementMap":{"0":{"start":{"line":5,"column":26},"end":{"line":13,"column":1}},"1":{"start":{"line":6,"column":2},"end":{"line":12,"column":4}},"2":{"start":{"line":15,"column":15},"end":{"line":33,"column":2}}},"fnMap":{"0":{"name":"(anonymous_0)","decl":{"start":{"line":5,"column":26},"end":{"line":5,"column":27}},"loc":{"start":{"line":5,"column":58},"end":{"line":13,"column":1}},"line":5}},"branchMap":{"0":{"loc":{"start":{"line":5,"column":43},"end":{"line":5,"column":52}},"type":"default-arg","locations":[{"start":{"line":5,"column":50},"end":{"line":5,"column":52}}],"line":5}},"s":{"0":3,"1":0,"2":3},"f":{"0":0},"b":{"0":[0]},"_coverageSchema":"1a1c01bbd47fc00a2c39e90264f33305004495a9","hash":"ec291c038f8dc83f751e0d7f64b34239200b1776"}
,"/Users/swapnilchute/Documents/2021-Learning/CoupaWeatherProject_swapnil/src/components/common/weatherDetails.js": {"path":"/Users/swapnilchute/Documents/2021-Learning/CoupaWeatherProject_swapnil/src/components/common/weatherDetails.js","statementMap":{"0":{"start":{"line":6,"column":30},"end":{"line":43,"column":1}},"1":{"start":{"line":7,"column":2},"end":{"line":42,"column":4}},"2":{"start":{"line":45,"column":15},"end":{"line":109,"column":2}}},"fnMap":{"0":{"name":"(anonymous_0)","decl":{"start":{"line":6,"column":30},"end":{"line":6,"column":31}},"loc":{"start":{"line":6,"column":55},"end":{"line":43,"column":1}},"line":6}},"branchMap":{"0":{"loc":{"start":{"line":21,"column":9},"end":{"line":35,"column":9}},"type":"binary-expr","locations":[{"start":{"line":21,"column":9},"end":{"line":21,"column":16}},{"start":{"line":21,"column":20},"end":{"line":21,"column":53}},{"start":{"line":22,"column":10},"end":{"line":34,"column":13}}],"line":21}},"s":{"0":3,"1":0,"2":3},"f":{"0":0},"b":{"0":[0,0,0]},"_coverageSchema":"1a1c01bbd47fc00a2c39e90264f33305004495a9","hash":"13b7eeb967fe262b091dceacf9b289a47822b6d9"}
,"/Users/swapnilchute/Documents/2021-Learning/CoupaWeatherProject_swapnil/src/components/screens/HistoricalWeather.js": {"path":"/Users/swapnilchute/Documents/2021-Learning/CoupaWeatherProject_swapnil/src/components/screens/HistoricalWeather.js","statementMap":{"0":{"start":{"line":12,"column":33},"end":{"line":86,"column":1}},"1":{"start":{"line":13,"column":26},"end":{"line":13,"column":46}},"2":{"start":{"line":14,"column":44},"end":{"line":14,"column":56}},"3":{"start":{"line":15,"column":19},"end":{"line":15,"column":32}},"4":{"start":{"line":16,"column":18},"end":{"line":18,"column":3}},"5":{"start":{"line":17,"column":13},"end":{"line":17,"column":55}},"6":{"start":{"line":19,"column":18},"end":{"line":19,"column":61}},"7":{"start":{"line":19,"column":39},"end":{"line":19,"column":60}},"8":{"start":{"line":21,"column":20},"end":{"line":23,"column":31}},"9":{"start":{"line":22,"column":4},"end":{"line":22,"column":60}},"10":{"start":{"line":25,"column":2},"end":{"line":32,"column":17}},"11":{"start":{"line":26,"column":15},"end":{"line":26,"column":25}},"12":{"start":{"line":27,"column":4},"end":{"line":27,"column":33}},"13":{"start":{"line":28,"column":22},"end":{"line":28,"column":42}},"14":{"start":{"line":29,"column":4},"end":{"line":29,"column":32}},"15":{"start":{"line":30,"column":4},"end":{"line":30,"column":26}},"16":{"start":{"line":31,"column":4},"end":{"line":31,"column":56}},"17":{"start":{"line":34,"column":21},"end":{"line":37,"column":3}},"18":{"start":{"line":35,"column":4},"end":{"line":35,"column":26}},"19":{"start":{"line":36,"column":4},"end":{"line":36,"column":53}},"20":{"start":{"line":39,"column":2},"end":{"line":85,"column":4}},"21":{"start":{"line":57,"column":43},"end":{"line":57,"column":54}},"22":{"start":{"line":88,"column":15},"end":{"line":152,"column":2}}},"fnMap":{"0":{"name":"(anonymous_0)","decl":{"start":{"line":12,"column":33},"end":{"line":12,"column":34}},"loc":{"start":{"line":12,"column":39},"end":{"line":86,"column":1}},"line":12},"1":{"name":"(anonymous_1)","decl":{"start":{"line":17,"column":4},"end":{"line":17,"column":5}},"loc":{"start":{"line":17,"column":13},"end":{"line":17,"column":55}},"line":17},"2":{"name":"(anonymous_2)","decl":{"start":{"line":19,"column":30},"end":{"line":19,"column":31}},"loc":{"start":{"line":19,"column":39},"end":{"line":19,"column":60}},"line":19},"3":{"name":"(anonymous_3)","decl":{"start":{"line":21,"column":32},"end":{"line":21,"column":33}},"loc":{"start":{"line":21,"column":38},"end":{"line":23,"column":3}},"line":21},"4":{"name":"(anonymous_4)","decl":{"start":{"line":25,"column":12},"end":{"line":25,"column":13}},"loc":{"start":{"line":25,"column":18},"end":{"line":32,"column":3}},"line":25},"5":{"name":"(anonymous_5)","decl":{"start":{"line":34,"column":21},"end":{"line":34,"column":22}},"loc":{"start":{"line":34,"column":46},"end":{"line":37,"column":3}},"line":34},"6":{"name":"(anonymous_6)","decl":{"start":{"line":57,"column":37},"end":{"line":57,"column":38}},"loc":{"start":{"line":57,"column":43},"end":{"line":57,"column":54}},"line":57}},"branchMap":{"0":{"loc":{"start":{"line":61,"column":9},"end":{"line":61,"column":30}},"type":"binary-expr","locations":[{"start":{"line":61,"column":9},"end":{"line":61,"column":16}},{"start":{"line":61,"column":20},"end":{"line":61,"column":30}}],"line":61},"1":{"loc":{"start":{"line":62,"column":9},"end":{"line":82,"column":9}},"type":"binary-expr","locations":[{"start":{"line":62,"column":9},"end":{"line":62,"column":17}},{"start":{"line":62,"column":21},"end":{"line":62,"column":28}},{"start":{"line":62,"column":32},"end":{"line":62,"column":54}},{"start":{"line":63,"column":10},"end":{"line":81,"column":13}}],"line":62}},"s":{"0":1,"1":0,"2":0,"3":0,"4":0,"5":0,"6":0,"7":0,"8":0,"9":0,"10":0,"11":0,"12":0,"13":0,"14":0,"15":0,"16":0,"17":0,"18":0,"19":0,"20":0,"21":0,"22":1},"f":{"0":0,"1":0,"2":0,"3":0,"4":0,"5":0,"6":0},"b":{"0":[0,0],"1":[0,0,0,0]},"_coverageSchema":"1a1c01bbd47fc00a2c39e90264f33305004495a9","hash":"e8598e70a7bb1acfaf8b1726925b9bdd8fc5bb67"}
,"/Users/swapnilchute/Documents/2021-Learning/CoupaWeatherProject_swapnil/src/components/screens/LandingPage.js": {"path":"/Users/swapnilchute/Documents/2021-Learning/CoupaWeatherProject_swapnil/src/components/screens/LandingPage.js","statementMap":{"0":{"start":{"line":23,"column":27},"end":{"line":82,"column":1}},"1":{"start":{"line":24,"column":20},"end":{"line":24,"column":65}},"2":{"start":{"line":24,"column":41},"end":{"line":24,"column":64}},"3":{"start":{"line":25,"column":44},"end":{"line":25,"column":59}},"4":{"start":{"line":26,"column":18},"end":{"line":26,"column":61}},"5":{"start":{"line":26,"column":39},"end":{"line":26,"column":60}},"6":{"start":{"line":28,"column":2},"end":{"line":33,"column":9}},"7":{"start":{"line":29,"column":4},"end":{"line":32,"column":6}},"8":{"start":{"line":30,"column":12},"end":{"line":30,"column":34}},"9":{"start":{"line":31,"column":12},"end":{"line":31,"column":35}},"10":{"start":{"line":35,"column":2},"end":{"line":37,"column":18}},"11":{"start":{"line":36,"column":4},"end":{"line":36,"column":34}},"12":{"start":{"line":39,"column":2},"end":{"line":81,"column":4}},"13":{"start":{"line":52,"column":45},"end":{"line":52,"column":67}},"14":{"start":{"line":54,"column":16},"end":{"line":54,"column":61}},"15":{"start":{"line":84,"column":15},"end":{"line":114,"column":2}}},"fnMap":{"0":{"name":"(anonymous_0)","decl":{"start":{"line":23,"column":27},"end":{"line":23,"column":28}},"loc":{"start":{"line":23,"column":33},"end":{"line":82,"column":1}},"line":23},"1":{"name":"(anonymous_1)","decl":{"start":{"line":24,"column":32},"end":{"line":24,"column":33}},"loc":{"start":{"line":24,"column":41},"end":{"line":24,"column":64}},"line":24},"2":{"name":"(anonymous_2)","decl":{"start":{"line":26,"column":30},"end":{"line":26,"column":31}},"loc":{"start":{"line":26,"column":39},"end":{"line":26,"column":60}},"line":26},"3":{"name":"(anonymous_3)","decl":{"start":{"line":28,"column":12},"end":{"line":28,"column":13}},"loc":{"start":{"line":28,"column":18},"end":{"line":33,"column":3}},"line":28},"4":{"name":"(anonymous_4)","decl":{"start":{"line":30,"column":6},"end":{"line":30,"column":7}},"loc":{"start":{"line":30,"column":12},"end":{"line":30,"column":34}},"line":30},"5":{"name":"(anonymous_5)","decl":{"start":{"line":31,"column":6},"end":{"line":31,"column":7}},"loc":{"start":{"line":31,"column":12},"end":{"line":31,"column":35}},"line":31},"6":{"name":"(anonymous_6)","decl":{"start":{"line":35,"column":12},"end":{"line":35,"column":13}},"loc":{"start":{"line":35,"column":18},"end":{"line":37,"column":3}},"line":35},"7":{"name":"(anonymous_7)","decl":{"start":{"line":52,"column":28},"end":{"line":52,"column":29}},"loc":{"start":{"line":52,"column":45},"end":{"line":52,"column":67}},"line":52},"8":{"name":"(anonymous_8)","decl":{"start":{"line":53,"column":26},"end":{"line":53,"column":27}},"loc":{"start":{"line":54,"column":16},"end":{"line":54,"column":61}},"line":54}},"branchMap":{"0":{"loc":{"start":{"line":46,"column":9},"end":{"line":46,"column":30}},"type":"binary-expr","locations":[{"start":{"line":46,"column":9},"end":{"line":46,"column":16}},{"start":{"line":46,"column":20},"end":{"line":46,"column":30}}],"line":46},"1":{"loc":{"start":{"line":49,"column":11},"end":{"line":57,"column":11}},"type":"binary-expr","locations":[{"start":{"line":49,"column":11},"end":{"line":49,"column":20}},{"start":{"line":49,"column":24},"end":{"line":49,"column":44}},{"start":{"line":50,"column":12},"end":{"line":56,"column":14}}],"line":49},"2":{"loc":{"start":{"line":65,"column":11},"end":{"line":67,"column":11}},"type":"binary-expr","locations":[{"start":{"line":65,"column":11},"end":{"line":65,"column":20}},{"start":{"line":65,"column":24},"end":{"line":65,"column":41}},{"start":{"line":65,"column":45},"end":{"line":65,"column":58}},{"start":{"line":65,"column":62},"end":{"line":65,"column":70}},{"start":{"line":66,"column":12},"end":{"line":66,"column":31}}],"line":65},"3":{"loc":{"start":{"line":68,"column":11},"end":{"line":77,"column":11}},"type":"binary-expr","locations":[{"start":{"line":68,"column":11},"end":{"line":68,"column":25}},{"start":{"line":69,"column":12},"end":{"line":76,"column":19}}],"line":68}},"s":{"0":3,"1":0,"2":0,"3":0,"4":0,"5":0,"6":0,"7":0,"8":0,"9":0,"10":0,"11":0,"12":0,"13":0,"14":0,"15":3},"f":{"0":0,"1":0,"2":0,"3":0,"4":0,"5":0,"6":0,"7":0,"8":0},"b":{"0":[0,0],"1":[0,0,0],"2":[0,0,0,0,0],"3":[0,0]},"_coverageSchema":"1a1c01bbd47fc00a2c39e90264f33305004495a9","hash":"2af20dbf66213ed9da47898e95dfedd10e98bab7"}
,"/Users/swapnilchute/Documents/2021-Learning/CoupaWeatherProject_swapnil/src/components/screens/WeatherCurrentDetails.js": {"path":"/Users/swapnilchute/Documents/2021-Learning/CoupaWeatherProject_swapnil/src/components/screens/WeatherCurrentDetails.js","statementMap":{"0":{"start":{"line":10,"column":37},"end":{"line":38,"column":1}},"1":{"start":{"line":11,"column":19},"end":{"line":11,"column":70}},"2":{"start":{"line":11,"column":40},"end":{"line":11,"column":69}},"3":{"start":{"line":12,"column":18},"end":{"line":12,"column":68}},"4":{"start":{"line":12,"column":39},"end":{"line":12,"column":67}},"5":{"start":{"line":13,"column":18},"end":{"line":13,"column":61}},"6":{"start":{"line":13,"column":39},"end":{"line":13,"column":60}},"7":{"start":{"line":15,"column":19},"end":{"line":15,"column":32}},"8":{"start":{"line":16,"column":2},"end":{"line":18,"column":17}},"9":{"start":{"line":17,"column":4},"end":{"line":17,"column":44}},"10":{"start":{"line":20,"column":2},"end":{"line":37,"column":4}},"11":{"start":{"line":30,"column":45},"end":{"line":30,"column":78}},"12":{"start":{"line":40,"column":15},"end":{"line":58,"column":2}}},"fnMap":{"0":{"name":"(anonymous_0)","decl":{"start":{"line":10,"column":37},"end":{"line":10,"column":38}},"loc":{"start":{"line":10,"column":55},"end":{"line":38,"column":1}},"line":10},"1":{"name":"(anonymous_1)","decl":{"start":{"line":11,"column":31},"end":{"line":11,"column":32}},"loc":{"start":{"line":11,"column":40},"end":{"line":11,"column":69}},"line":11},"2":{"name":"(anonymous_2)","decl":{"start":{"line":12,"column":30},"end":{"line":12,"column":31}},"loc":{"start":{"line":12,"column":39},"end":{"line":12,"column":67}},"line":12},"3":{"name":"(anonymous_3)","decl":{"start":{"line":13,"column":30},"end":{"line":13,"column":31}},"loc":{"start":{"line":13,"column":39},"end":{"line":13,"column":60}},"line":13},"4":{"name":"(anonymous_4)","decl":{"start":{"line":16,"column":12},"end":{"line":16,"column":13}},"loc":{"start":{"line":16,"column":18},"end":{"line":18,"column":3}},"line":16},"5":{"name":"(anonymous_5)","decl":{"start":{"line":30,"column":39},"end":{"line":30,"column":40}},"loc":{"start":{"line":30,"column":45},"end":{"line":30,"column":78}},"line":30}},"branchMap":{"0":{"loc":{"start":{"line":25,"column":7},"end":{"line":25,"column":28}},"type":"binary-expr","locations":[{"start":{"line":25,"column":7},"end":{"line":25,"column":14}},{"start":{"line":25,"column":18},"end":{"line":25,"column":28}}],"line":25},"1":{"loc":{"start":{"line":26,"column":7},"end":{"line":35,"column":7}},"type":"binary-expr","locations":[{"start":{"line":26,"column":7},"end":{"line":26,"column":15}},{"start":{"line":26,"column":19},"end":{"line":26,"column":27}},{"start":{"line":26,"column":31},"end":{"line":26,"column":38}},{"start":{"line":27,"column":8},"end":{"line":34,"column":11}}],"line":26}},"s":{"0":1,"1":0,"2":0,"3":0,"4":0,"5":0,"6":0,"7":0,"8":0,"9":0,"10":0,"11":0,"12":1},"f":{"0":0,"1":0,"2":0,"3":0,"4":0,"5":0},"b":{"0":[0,0],"1":[0,0,0,0]},"_coverageSchema":"1a1c01bbd47fc00a2c39e90264f33305004495a9","hash":"4cdb504e0529a71de039675d345d377d12f6d437"}
,"/Users/swapnilchute/Documents/2021-Learning/CoupaWeatherProject_swapnil/src/constants/Colors.js": {"path":"/Users/swapnilchute/Documents/2021-Learning/CoupaWeatherProject_swapnil/src/constants/Colors.js","statementMap":{"0":{"start":{"line":1,"column":22},"end":{"line":6,"column":1}}},"fnMap":{},"branchMap":{},"s":{"0":4},"f":{},"b":{},"_coverageSchema":"1a1c01bbd47fc00a2c39e90264f33305004495a9","hash":"79ed494b41bae81811a07f4dc2b05dcd831db5b3"}
,"/Users/swapnilchute/Documents/2021-Learning/CoupaWeatherProject_swapnil/src/constants/weatherConstants.js": {"path":"/Users/swapnilchute/Documents/2021-Learning/CoupaWeatherProject_swapnil/src/constants/weatherConstants.js","statementMap":{"0":{"start":{"line":1,"column":32},"end":{"line":23,"column":1}}},"fnMap":{},"branchMap":{},"s":{"0":3},"f":{},"b":{},"_coverageSchema":"1a1c01bbd47fc00a2c39e90264f33305004495a9","hash":"b0772273e9022a24ebd0a180313377e32c47765f"}
,"/Users/swapnilchute/Documents/2021-Learning/CoupaWeatherProject_swapnil/src/reducers/weatherReducer.js": {"path":"/Users/swapnilchute/Documents/2021-Learning/CoupaWeatherProject_swapnil/src/reducers/weatherReducer.js","statementMap":{"0":{"start":{"line":3,"column":21},"end":{"line":13,"column":1}},"1":{"start":{"line":14,"column":23},"end":{"line":49,"column":1}},"2":{"start":{"line":15,"column":2},"end":{"line":48,"column":3}},"3":{"start":{"line":17,"column":26},"end":{"line":17,"column":40}},"4":{"start":{"line":18,"column":6},"end":{"line":18,"column":35}},"5":{"start":{"line":20,"column":6},"end":{"line":20,"column":51}},"6":{"start":{"line":22,"column":32},"end":{"line":22,"column":46}},"7":{"start":{"line":23,"column":6},"end":{"line":23,"column":41}},"8":{"start":{"line":25,"column":29},"end":{"line":25,"column":43}},"9":{"start":{"line":26,"column":6},"end":{"line":26,"column":38}},"10":{"start":{"line":28,"column":49},"end":{"line":28,"column":63}},"11":{"start":{"line":29,"column":6},"end":{"line":33,"column":8}},"12":{"start":{"line":35,"column":55},"end":{"line":35,"column":69}},"13":{"start":{"line":36,"column":6},"end":{"line":36,"column":64}},"14":{"start":{"line":38,"column":34},"end":{"line":38,"column":48}},"15":{"start":{"line":39,"column":6},"end":{"line":39,"column":43}},"16":{"start":{"line":41,"column":6},"end":{"line":41,"column":39}},"17":{"start":{"line":44,"column":6},"end":{"line":44,"column":59}},"18":{"start":{"line":47,"column":6},"end":{"line":47,"column":19}}},"fnMap":{"0":{"name":"(anonymous_0)","decl":{"start":{"line":14,"column":23},"end":{"line":14,"column":24}},"loc":{"start":{"line":14,"column":57},"end":{"line":49,"column":1}},"line":14}},"branchMap":{"0":{"loc":{"start":{"line":14,"column":24},"end":{"line":14,"column":44}},"type":"default-arg","locations":[{"start":{"line":14,"column":32},"end":{"line":14,"column":44}}],"line":14},"1":{"loc":{"start":{"line":15,"column":2},"end":{"line":48,"column":3}},"type":"switch","locations":[{"start":{"line":16,"column":4},"end":{"line":18,"column":35}},{"start":{"line":19,"column":4},"end":{"line":20,"column":51}},{"start":{"line":21,"column":4},"end":{"line":23,"column":41}},{"start":{"line":24,"column":4},"end":{"line":26,"column":38}},{"start":{"line":27,"column":4},"end":{"line":33,"column":8}},{"start":{"line":34,"column":4},"end":{"line":36,"column":64}},{"start":{"line":37,"column":4},"end":{"line":39,"column":43}},{"start":{"line":40,"column":4},"end":{"line":42,"column":5}},{"start":{"line":43,"column":4},"end":{"line":45,"column":5}},{"start":{"line":46,"column":4},"end":{"line":47,"column":19}}],"line":15}},"s":{"0":1,"1":1,"2":3,"3":0,"4":0,"5":0,"6":0,"7":0,"8":0,"9":0,"10":0,"11":0,"12":0,"13":0,"14":0,"15":0,"16":0,"17":0,"18":3},"f":{"0":3},"b":{"0":[3],"1":[0,0,0,0,0,0,0,0,0,3]},"_coverageSchema":"1a1c01bbd47fc00a2c39e90264f33305004495a9","hash":"cafc9bbfcfdecea415e338d128e349d0ad378e35"}
,"/Users/swapnilchute/Documents/2021-Learning/CoupaWeatherProject_swapnil/src/shared/config.js": {"path":"/Users/swapnilchute/Documents/2021-Learning/CoupaWeatherProject_swapnil/src/shared/config.js","statementMap":{"0":{"start":{"line":1,"column":19},"end":{"line":1,"column":48}},"1":{"start":{"line":2,"column":19},"end":{"line":2,"column":53}}},"fnMap":{},"branchMap":{},"s":{"0":3,"1":3},"f":{},"b":{},"_coverageSchema":"1a1c01bbd47fc00a2c39e90264f33305004495a9","hash":"2255de826b5378936f137c4d06e0db82e369b363"}
,"/Users/swapnilchute/Documents/2021-Learning/CoupaWeatherProject_swapnil/src/shared/errors.js": {"path":"/Users/swapnilchute/Documents/2021-Learning/CoupaWeatherProject_swapnil/src/shared/errors.js","statementMap":{"0":{"start":{"line":1,"column":36},"end":{"line":13,"column":1}},"1":{"start":{"line":2,"column":2},"end":{"line":12,"column":3}},"2":{"start":{"line":4,"column":6},"end":{"line":4,"column":73}},"3":{"start":{"line":7,"column":6},"end":{"line":7,"column":71}},"4":{"start":{"line":10,"column":6},"end":{"line":10,"column":16}}},"fnMap":{"0":{"name":"(anonymous_0)","decl":{"start":{"line":1,"column":36},"end":{"line":1,"column":37}},"loc":{"start":{"line":1,"column":44},"end":{"line":13,"column":1}},"line":1}},"branchMap":{"0":{"loc":{"start":{"line":2,"column":2},"end":{"line":12,"column":3}},"type":"switch","locations":[{"start":{"line":3,"column":4},"end":{"line":5,"column":5}},{"start":{"line":6,"column":4},"end":{"line":8,"column":5}},{"start":{"line":9,"column":4},"end":{"line":11,"column":5}}],"line":2}},"s":{"0":3,"1":0,"2":0,"3":0,"4":0},"f":{"0":0},"b":{"0":[0,0,0]},"_coverageSchema":"1a1c01bbd47fc00a2c39e90264f33305004495a9","hash":"7cc4c4e15efab48e6ea974dbf537c4730a721cc9"}
,"/Users/swapnilchute/Documents/2021-Learning/CoupaWeatherProject_swapnil/src/shared/helper.js": {"path":"/Users/swapnilchute/Documents/2021-Learning/CoupaWeatherProject_swapnil/src/shared/helper.js","statementMap":{"0":{"start":{"line":4,"column":35},"end":{"line":23,"column":1}},"1":{"start":{"line":5,"column":2},"end":{"line":22,"column":3}},"2":{"start":{"line":6,"column":4},"end":{"line":19,"column":7}},"3":{"start":{"line":14,"column":6},"end":{"line":18,"column":7}},"4":{"start":{"line":15,"column":8},"end":{"line":15,"column":37}},"5":{"start":{"line":17,"column":8},"end":{"line":17,"column":37}},"6":{"start":{"line":21,"column":4},"end":{"line":21,"column":33}},"7":{"start":{"line":25,"column":29},"end":{"line":27,"column":1}},"8":{"start":{"line":26,"column":2},"end":{"line":26,"column":34}},"9":{"start":{"line":29,"column":34},"end":{"line":34,"column":1}},"10":{"start":{"line":30,"column":2},"end":{"line":32,"column":3}},"11":{"start":{"line":31,"column":4},"end":{"line":31,"column":23}},"12":{"start":{"line":33,"column":2},"end":{"line":33,"column":15}},"13":{"start":{"line":36,"column":32},"end":{"line":40,"column":1}},"14":{"start":{"line":37,"column":13},"end":{"line":37,"column":47}},"15":{"start":{"line":38,"column":13},"end":{"line":38,"column":52}},"16":{"start":{"line":39,"column":2},"end":{"line":39,"column":45}}},"fnMap":{"0":{"name":"(anonymous_0)","decl":{"start":{"line":4,"column":35},"end":{"line":4,"column":36}},"loc":{"start":{"line":4,"column":47},"end":{"line":23,"column":1}},"line":4},"1":{"name":"(anonymous_1)","decl":{"start":{"line":13,"column":11},"end":{"line":13,"column":12}},"loc":{"start":{"line":13,"column":18},"end":{"line":19,"column":5}},"line":13},"2":{"name":"(anonymous_2)","decl":{"start":{"line":25,"column":29},"end":{"line":25,"column":30}},"loc":{"start":{"line":25,"column":43},"end":{"line":27,"column":1}},"line":25},"3":{"name":"(anonymous_3)","decl":{"start":{"line":29,"column":34},"end":{"line":29,"column":35}},"loc":{"start":{"line":29,"column":43},"end":{"line":34,"column":1}},"line":29},"4":{"name":"(anonymous_4)","decl":{"start":{"line":36,"column":32},"end":{"line":36,"column":33}},"loc":{"start":{"line":36,"column":55},"end":{"line":40,"column":1}},"line":36}},"branchMap":{"0":{"loc":{"start":{"line":10,"column":10},"end":{"line":11,"column":41}},"type":"binary-expr","locations":[{"start":{"line":10,"column":10},"end":{"line":10,"column":46}},{"start":{"line":11,"column":10},"end":{"line":11,"column":41}}],"line":10},"1":{"loc":{"start":{"line":14,"column":6},"end":{"line":18,"column":7}},"type":"if","locations":[{"start":{"line":14,"column":6},"end":{"line":18,"column":7}},{"start":{"line":14,"column":6},"end":{"line":18,"column":7}}],"line":14},"2":{"loc":{"start":{"line":25,"column":30},"end":{"line":25,"column":38}},"type":"default-arg","locations":[{"start":{"line":25,"column":36},"end":{"line":25,"column":38}}],"line":25},"3":{"loc":{"start":{"line":30,"column":2},"end":{"line":32,"column":3}},"type":"if","locations":[{"start":{"line":30,"column":2},"end":{"line":32,"column":3}},{"start":{"line":30,"column":2},"end":{"line":32,"column":3}}],"line":30},"4":{"loc":{"start":{"line":36,"column":33},"end":{"line":36,"column":50}},"type":"default-arg","locations":[{"start":{"line":36,"column":40},"end":{"line":36,"column":50}}],"line":36}},"s":{"0":4,"1":2,"2":2,"3":0,"4":0,"5":0,"6":2,"7":4,"8":2,"9":4,"10":8,"11":6,"12":2,"13":4,"14":4,"15":4,"16":4},"f":{"0":2,"1":0,"2":2,"3":8,"4":4},"b":{"0":[0,0],"1":[0,0],"2":[1],"3":[6,2],"4":[1]},"_coverageSchema":"1a1c01bbd47fc00a2c39e90264f33305004495a9","hash":"b1f849c856d1d7e912ccd2b56af2bb28c7609761"}
,"/Users/swapnilchute/Documents/2021-Learning/CoupaWeatherProject_swapnil/src/store/configureStore.js": {"path":"/Users/swapnilchute/Documents/2021-Learning/CoupaWeatherProject_swapnil/src/store/configureStore.js","statementMap":{"0":{"start":{"line":5,"column":20},"end":{"line":5,"column":62}},"1":{"start":{"line":7,"column":25},"end":{"line":7,"column":79}},"2":{"start":{"line":9,"column":23},"end":{"line":11,"column":1}},"3":{"start":{"line":10,"column":2},"end":{"line":10,"column":76}}},"fnMap":{"0":{"name":"(anonymous_0)","decl":{"start":{"line":9,"column":23},"end":{"line":9,"column":24}},"loc":{"start":{"line":9,"column":29},"end":{"line":11,"column":1}},"line":9}},"branchMap":{"0":{"loc":{"start":{"line":7,"column":25},"end":{"line":7,"column":79}},"type":"binary-expr","locations":[{"start":{"line":7,"column":25},"end":{"line":7,"column":68}},{"start":{"line":7,"column":72},"end":{"line":7,"column":79}}],"line":7}},"s":{"0":1,"1":1,"2":1,"3":1},"f":{"0":1},"b":{"0":[1,1]},"_coverageSchema":"1a1c01bbd47fc00a2c39e90264f33305004495a9","hash":"548638bc14065f7846451b686bf2a33ef22c7bb8"}
}
